2025-01-31 18:55:12,986 [INFO] views - User searching hotels: Location=(37.7749, -122.4194), Adults=1, Radius=1km, Search ID=1813
2025-01-31 18:55:17,402 [DEBUG] views - Processing hotel: Best Western Red Coach Inn | Location: (37.78343, -122.41951)
2025-01-31 18:55:17,403 [DEBUG] views - Processing hotel: San Francisco Proper a Member of Design Hotels | Location: (37.78088, -122.41268)
2025-01-31 18:55:17,403 [DEBUG] views - Processing hotel: Motel 6 San Francisco CA Civic Center | Location: (37.78322, -122.41738)
2025-01-31 18:55:17,404 [DEBUG] views - Processing hotel: SF Central Hotel | Location: (37.77223, -122.42444)
2025-01-31 18:55:17,404 [DEBUG] views - Processing hotel: Signature San Francisco | Location: (37.77735, -122.4082)
2025-01-31 18:55:17,405 [DEBUG] views - Processing hotel: Rodeway Inn Civic Center | Location: (37.78286, -122.42196)
2025-01-31 18:55:17,405 [DEBUG] views - Processing hotel: BEI San Francisco, Trademark Collection by Wyndham | Location: (37.77764, -122.41428)
2025-01-31 18:55:17,405 [DEBUG] views - Processing hotel: SoMa House Hotel | Location: (37.77879, -122.41007)
2025-01-31 18:55:17,406 [DEBUG] views - Processing hotel: Hotel Garrett | Location: (37.77886, -122.411)
2025-01-31 18:55:17,406 [DEBUG] views - Processing hotel: CIVIC CENTER MOTOR INN | Location: (37.77267, -122.41087)
2025-01-31 18:55:17,406 [DEBUG] views - Processing hotel: Hotel Fiona | Location: (37.77865, -122.41041)
2025-01-31 18:55:17,407 [DEBUG] views - Processing hotel: YOTEL San Francisco | Location: (37.78034, -122.41203)
2025-01-31 18:55:17,407 [DEBUG] views - Processing hotel: San Francisco Inn | Location: (37.77276, -122.41038)
2025-01-31 18:55:17,410 [INFO] views - Hotels found: 13 Search ID=1813
2025-01-31 18:55:17,410 [DEBUG] views - Hotel: Best Western Red Coach Inn | Price: 173 
2025-01-31 18:55:17,410 [DEBUG] views - Hotel: San Francisco Proper a Member of Design Hotels | Price: 241 
2025-01-31 18:55:17,410 [DEBUG] views - Hotel: Motel 6 San Francisco CA Civic Center | Price: 129 
2025-01-31 18:55:17,411 [DEBUG] views - Hotel: SF Central Hotel | Price: 112 
2025-01-31 18:55:17,411 [DEBUG] views - Hotel: Signature San Francisco | Price: 135 
2025-01-31 18:57:38,097 [INFO] views - User searching hotels: Location=(37.7749, -122.4194), Adults=1, Radius=1km, Search ID=5800
2025-01-31 18:57:42,420 [DEBUG] views - Processing hotel: Best Western Red Coach Inn | Location: (37.78343, -122.41951)
2025-01-31 18:57:42,421 [DEBUG] views - Processing hotel: San Francisco Proper a Member of Design Hotels | Location: (37.78088, -122.41268)
2025-01-31 18:57:42,421 [DEBUG] views - Processing hotel: Motel 6 San Francisco CA Civic Center | Location: (37.78322, -122.41738)
2025-01-31 18:57:42,422 [DEBUG] views - Processing hotel: SF Central Hotel | Location: (37.77223, -122.42444)
2025-01-31 18:57:42,422 [DEBUG] views - Processing hotel: Signature San Francisco | Location: (37.77735, -122.4082)
2025-01-31 18:57:42,422 [DEBUG] views - Processing hotel: Rodeway Inn Civic Center | Location: (37.78286, -122.42196)
2025-01-31 18:57:42,422 [DEBUG] views - Processing hotel: BEI San Francisco, Trademark Collection by Wyndham | Location: (37.77764, -122.41428)
2025-01-31 18:57:42,423 [DEBUG] views - Processing hotel: SoMa House Hotel | Location: (37.77879, -122.41007)
2025-01-31 18:57:42,423 [DEBUG] views - Processing hotel: Hotel Garrett | Location: (37.77886, -122.411)
2025-01-31 18:57:42,423 [DEBUG] views - Processing hotel: CIVIC CENTER MOTOR INN | Location: (37.77267, -122.41087)
2025-01-31 18:57:42,424 [DEBUG] views - Processing hotel: Hotel Fiona | Location: (37.77865, -122.41041)
2025-01-31 18:57:42,424 [DEBUG] views - Processing hotel: YOTEL San Francisco | Location: (37.78034, -122.41203)
2025-01-31 18:57:42,424 [DEBUG] views - Processing hotel: San Francisco Inn | Location: (37.77276, -122.41038)
2025-01-31 18:57:42,426 [INFO] views - Hotels found: 13 Search ID=5800
2025-01-31 18:57:42,426 [DEBUG] views - Hotel: Best Western Red Coach Inn | Price: 173 
2025-01-31 18:57:42,427 [DEBUG] views - Hotel: San Francisco Proper a Member of Design Hotels | Price: 241 
2025-01-31 18:57:42,427 [DEBUG] views - Hotel: Motel 6 San Francisco CA Civic Center | Price: 129 
2025-01-31 18:57:42,427 [DEBUG] views - Hotel: SF Central Hotel | Price: 112 
2025-01-31 18:57:42,428 [DEBUG] views - Hotel: Signature San Francisco | Price: 135 
2025-01-31 18:58:35,103 [INFO] views - User searching hotels: Location=(37.7749, -122.4194), Adults=1, Radius=1km, Search ID=1767
2025-01-31 18:58:39,252 [DEBUG] views - Processing hotel: Best Western Red Coach Inn | Location: (37.78343, -122.41951)
2025-01-31 18:58:39,252 [DEBUG] views - Processing hotel: San Francisco Proper a Member of Design Hotels | Location: (37.78088, -122.41268)
2025-01-31 18:58:39,253 [DEBUG] views - Processing hotel: Motel 6 San Francisco CA Civic Center | Location: (37.78322, -122.41738)
2025-01-31 18:58:39,254 [DEBUG] views - Processing hotel: SF Central Hotel | Location: (37.77223, -122.42444)
2025-01-31 18:58:39,254 [DEBUG] views - Processing hotel: Signature San Francisco | Location: (37.77735, -122.4082)
2025-01-31 18:58:39,254 [DEBUG] views - Processing hotel: Rodeway Inn Civic Center | Location: (37.78286, -122.42196)
2025-01-31 18:58:39,255 [DEBUG] views - Processing hotel: BEI San Francisco, Trademark Collection by Wyndham | Location: (37.77764, -122.41428)
2025-01-31 18:58:39,255 [DEBUG] views - Processing hotel: SoMa House Hotel | Location: (37.77879, -122.41007)
2025-01-31 18:58:39,255 [DEBUG] views - Processing hotel: Hotel Garrett | Location: (37.77886, -122.411)
2025-01-31 18:58:39,255 [DEBUG] views - Processing hotel: CIVIC CENTER MOTOR INN | Location: (37.77267, -122.41087)
2025-01-31 18:58:39,256 [DEBUG] views - Processing hotel: Hotel Fiona | Location: (37.77865, -122.41041)
2025-01-31 18:58:39,256 [DEBUG] views - Processing hotel: YOTEL San Francisco | Location: (37.78034, -122.41203)
2025-01-31 18:58:39,256 [DEBUG] views - Processing hotel: San Francisco Inn | Location: (37.77276, -122.41038)
2025-01-31 18:58:39,259 [INFO] views - Hotels found: 13 Search ID=1767
2025-01-31 18:58:39,259 [DEBUG] views - Hotel: Best Western Red Coach Inn | Price: 173 
2025-01-31 18:58:39,259 [DEBUG] views - Hotel: San Francisco Proper a Member of Design Hotels | Price: 241 
2025-01-31 18:58:39,259 [DEBUG] views - Hotel: Motel 6 San Francisco CA Civic Center | Price: 129 
2025-01-31 18:58:39,260 [DEBUG] views - Hotel: SF Central Hotel | Price: 112 
2025-01-31 18:58:39,260 [DEBUG] views - Hotel: Signature San Francisco | Price: 135 
2025-01-31 19:00:19,425 [INFO] views - User searching hotels: Location=(37.7749, -122.4194), Adults=1, Radius=1km, Search ID=5103
2025-01-31 19:00:35,923 [INFO] views - User searching hotels: Location=(37.7749, -122.4194), Adults=1, Radius=1km, Search ID=5815
2025-01-31 19:04:27,065 [INFO] views - User searching hotels: Location=(37.7749, -122.4194), Adults=1, Radius=1km, Search ID=1627
2025-01-31 19:12:37,875 [INFO] views - User searching hotels: Location=(37.7749, -122.4194), Adults=1, Radius=1km, Search ID=2559
2025-01-31 19:14:16,950 [INFO] views - User searching hotels: Location=(37.7749, -122.4194), Adults=1, Radius=1km, Search ID=6357
2025-02-18 22:30:47,294 [INFO] views - User searching hotels: Location=(37.7749, -122.4194), Adults=1, Radius=2km, Search ID=9985, Create Time=2025-02-18 22:30:47
2025-02-18 22:30:50,607 [DEBUG] views - Processing hotel: Hotel Zelos San Francisco | Location: (37.78532, -122.40551)
2025-02-18 22:30:50,607 [DEBUG] views - Processing hotel: The Cartwright Hotel - Union Square, BW Premier Collection | Location: (37.78929, -122.40918)
2025-02-18 22:30:50,607 [DEBUG] views - Processing hotel: Four Seasons Hotel San Francisco | Location: (37.78634, -122.40425)
2025-02-18 22:30:50,607 [DEBUG] views - Processing hotel: The Mosser | Location: (37.78501, -122.40516)
2025-02-18 22:30:50,607 [DEBUG] views - Processing hotel: HOLIDAY INN GOLDEN GATEWAY | Location: (37.78992, -122.42193)
2025-02-18 22:30:50,607 [DEBUG] views - Processing hotel: Grand Hyatt San Francisco | Location: (37.78905, -122.40727)
2025-02-18 22:30:50,607 [DEBUG] views - Processing hotel: San Francisco Marriott Marquis | Location: (37.78497, -122.40396)
2025-02-18 22:30:50,607 [DEBUG] views - Processing hotel: JW Marriott San Francisco Union Square | Location: (37.78819, -122.41043)
2025-02-18 22:30:50,607 [DEBUG] views - Processing hotel: San Francisco Marriott Union Square | Location: (37.78937, -122.40826)
2025-02-18 22:30:50,607 [DEBUG] views - Processing hotel: Petite Auberge | Location: (37.78973, -122.41147)
2025-02-18 22:30:50,611 [DEBUG] views - Processing hotel: White Swan Inn | Location: (37.7897, -122.4112)
2025-02-18 22:30:50,611 [DEBUG] views - Processing hotel: Canopy by Hilton San Francisco SoMa | Location: (37.78243, -122.40214)
2025-02-18 22:30:50,611 [DEBUG] views - Processing hotel: Hotel Stratford San Francisco - Handwritten Collection | Location: (37.78703, -122.40803)
2025-02-18 22:30:50,612 [DEBUG] views - Processing hotel: The Westin St Francis San Francisco on Union Square | Location: (37.7877, -122.4085)
2025-02-18 22:30:50,612 [DEBUG] views - Processing hotel: Chancellor Hotel on Union Square | Location: (37.78869, -122.40859)
2025-02-18 22:30:50,612 [DEBUG] views - Processing hotel: Hotel Emblem San Francisco | Location: (37.7892, -122.4098)
2025-02-18 22:30:50,612 [DEBUG] views - Processing hotel: Beacon Grand | Location: (37.7888, -122.40836)
2025-02-18 22:30:50,612 [DEBUG] views - Processing hotel: Inn at Union Square | Location: (37.78821, -122.40904)
2025-02-18 22:30:50,672 [DEBUG] views - Processing hotel: Hotel Triton | Location: (37.79034, -122.4054)
2025-02-18 22:30:50,673 [DEBUG] views - Processing hotel: Galleria Park Hotel | Location: (37.78969, -122.40345)
2025-02-18 22:30:50,673 [DEBUG] views - Processing hotel: Fairmont San Francisco | Location: (37.79238, -122.41066)
2025-02-18 22:30:50,673 [DEBUG] views - Processing hotel: Hyatt Regency San Francisco Downtown SOMA | Location: (37.7866, -122.40307)
2025-02-18 22:30:50,673 [DEBUG] views - Processing hotel: INTERCONTINENTAL MARK HOPKINS | Location: (37.7917, -122.41055)
2025-02-18 22:30:50,673 [DEBUG] views - Processing hotel: Palace Hotel a Luxury Collection Hotel San Francisco | Location: (37.78804, -122.40186)
2025-02-18 22:30:50,674 [DEBUG] views - Processing hotel: The Ritz-Carlton San Francisco | Location: (37.79187, -122.40716)
2025-02-18 22:30:50,674 [DEBUG] views - Processing hotel: Taj Campton Place San Francisco | Location: (37.78913, -122.40682)
2025-02-18 22:30:50,674 [DEBUG] views - Processing hotel: W San Francisco | Location: (37.7853, -122.40054)
2025-02-18 22:30:50,674 [DEBUG] views - Processing hotel: Hotel 32One | Location: (37.78991, -122.40557)
2025-02-18 22:30:50,674 [DEBUG] views - Processing hotel: The St Regis San Francisco | Location: (37.78622, -122.40138)
2025-02-18 22:30:50,674 [DEBUG] views - Processing hotel: Stanford Court Hotel | Location: (37.79188, -122.4095)
2025-02-18 22:30:50,674 [DEBUG] views - Processing hotel: Executive Hotel Vintage Court | Location: (37.79036, -122.40811)
2025-02-18 22:30:50,674 [DEBUG] views - Processing hotel: Cornell Hotel De France | Location: (37.79001, -122.40912)
2025-02-18 22:30:50,674 [DEBUG] views - Processing hotel: Palihotel San Francisco | Location: (37.78985, -122.40722)
2025-02-18 22:30:50,674 [DEBUG] views - Processing hotel: Orchard Garden Hotel | Location: (37.79075, -122.40521)
2025-02-18 22:30:50,674 [DEBUG] views - Processing hotel: Orchard Hotel | Location: (37.79013, -122.40849)
2025-02-18 22:30:50,762 [DEBUG] views - Processing hotel: Hotel Adagio Autograph Collection | Location: (37.78692, -122.41207)
2025-02-18 22:30:50,762 [DEBUG] views - Processing hotel: Hotel Abri | Location: (37.78533, -122.40836)
2025-02-18 22:30:50,764 [DEBUG] views - Processing hotel: Staypineapple, An Elegant Hotel, Union Square San Francisco | Location: (37.78693, -122.41299)
2025-02-18 22:30:50,764 [DEBUG] views - Processing hotel: Axiom Hotel | Location: (37.78483, -122.4086)
2025-02-18 22:30:50,764 [DEBUG] views - Processing hotel: Hotel Zetta San Francisco | Location: (37.78341, -122.40706)
2025-02-18 22:30:50,764 [DEBUG] views - Processing hotel: Courtyard by Marriott San Francisco Union Square | Location: (37.78743, -122.41433)
2025-02-18 22:30:50,764 [DEBUG] views - Processing hotel: Calista Organic Hotel | Location: (37.78849, -122.42161)
2025-02-18 22:30:50,764 [DEBUG] views - Processing hotel: Parc 55 San Francisco - a Hilton Hotel | Location: (37.78488, -122.40884)
2025-02-18 22:30:50,764 [DEBUG] views - Processing hotel: Hilton San Francisco Union Square | Location: (37.78598, -122.41076)
2025-02-18 22:30:50,764 [DEBUG] views - Processing hotel: Hotel Kabuki, part of JdV by Hyatt | Location: (37.7857, -122.42891)
2025-02-18 22:30:50,764 [DEBUG] views - Processing hotel: Hotel Fusion | Location: (37.78549, -122.40851)
2025-02-18 22:30:50,764 [DEBUG] views - Processing hotel: Super 8 by Wyndham San Francisco/Union Square Area | Location: (37.78593, -122.4117)
2025-02-18 22:30:50,764 [DEBUG] views - Processing hotel: The Marker Union Square San Francisco | Location: (37.78656, -122.4119)
2025-02-18 22:30:50,764 [DEBUG] views - Processing hotel: Mithila San Francisco, SureStay Collection by Best Western | Location: (37.78834, -122.41633)
2025-02-18 22:30:50,769 [DEBUG] views - Processing hotel: Vignette Collection Hotel Spero | Location: (37.78615, -122.41165)
2025-02-18 22:30:50,769 [DEBUG] views - Processing hotel: Becks Motor Lodge | Location: (37.76556, -122.43178)
2025-02-18 22:30:50,769 [DEBUG] views - Processing hotel: Beresford Arms Hotel | Location: (37.78736, -122.4135)
2025-02-18 22:30:50,769 [DEBUG] views - Processing hotel: Queen Anne Hotel | Location: (37.78703, -122.42662)
2025-02-18 22:30:50,769 [DEBUG] views - Processing hotel: The Hotel Majestic | Location: (37.78725, -122.42543)
2025-02-18 22:30:50,852 [DEBUG] views - Processing hotel: Best Western Red Coach Inn | Location: (37.78343, -122.41951)
2025-02-18 22:30:50,852 [DEBUG] views - Processing hotel: Courtyard by Marriott San Francisco Downtown Van Ness Ave | Location: (37.78546, -122.42118)
2025-02-18 22:30:50,854 [DEBUG] views - Processing hotel: San Francisco Proper a Member of Design Hotels | Location: (37.78088, -122.41268)
2025-02-18 22:30:50,854 [DEBUG] views - Processing hotel: Hampton Inn San Francisco Downtown/Convention Center | Location: (37.78235, -122.40795)
2025-02-18 22:30:50,854 [DEBUG] views - Processing hotel: Motel 6 San Francisco CA Civic Center | Location: (37.78322, -122.41738)
2025-02-18 22:30:50,854 [DEBUG] views - Processing hotel: SF Central Hotel | Location: (37.77223, -122.42444)
2025-02-18 22:30:50,854 [DEBUG] views - Processing hotel: Timbri Hotel San Francisco  Curio Collection by Hilton | Location: (37.78306, -122.40996)
2025-02-18 22:30:50,854 [DEBUG] views - Processing hotel: Signature San Francisco | Location: (37.77735, -122.4082)
2025-02-18 22:30:50,854 [DEBUG] views - Processing hotel: Rodeway Inn Civic Center | Location: (37.78286, -122.42196)
2025-02-18 22:30:50,854 [DEBUG] views - Processing hotel: BEI San Francisco, Trademark Collection by Wyndham | Location: (37.77764, -122.41428)
2025-02-18 22:30:50,854 [DEBUG] views - Processing hotel: SoMa House Hotel | Location: (37.77879, -122.41007)
2025-02-18 22:30:50,854 [DEBUG] views - Processing hotel: Hotel Garrett | Location: (37.77886, -122.411)
2025-02-18 22:30:50,854 [DEBUG] views - Processing hotel: CIVIC CENTER MOTOR INN | Location: (37.77267, -122.41087)
2025-02-18 22:30:50,854 [DEBUG] views - Processing hotel: Hotel Fiona | Location: (37.77865, -122.41041)
2025-02-18 22:30:50,854 [DEBUG] views - Processing hotel: YOTEL San Francisco | Location: (37.78034, -122.41203)
2025-02-18 22:30:50,854 [DEBUG] views - Processing hotel: San Francisco Inn | Location: (37.77276, -122.41038)
2025-02-18 22:30:51,141 [DEBUG] views - Processing hotel: Hotel Zeppelin San Francisco | Location: (37.78783, -122.41073)
2025-02-18 22:30:51,142 [DEBUG] views - Processing hotel: citizenM San Francisco Union Square | Location: (37.78578, -122.40753)
2025-02-18 22:30:51,142 [DEBUG] views - Processing hotel: The Metro Hotel | Location: (37.77279, -122.43697)
2025-02-18 22:30:51,142 [DEBUG] views - Processing hotel: Union Square Plaza Hotel | Location: (37.78718, -122.4104)
2025-02-18 22:30:51,142 [DEBUG] views - Processing hotel: Hotel G | Location: (37.7873, -122.40964)
2025-02-18 22:30:51,142 [DEBUG] views - Processing hotel: Holiday Inn Exp Union Square | Location: (37.78629, -122.40872)
2025-02-18 22:30:51,144 [DEBUG] views - Processing hotel: INTERCONTINENTAL SAN FRANCISCO | Location: (37.78208, -122.40449)
2025-02-18 22:30:51,144 [DEBUG] views - Processing hotel: Kimpton Buchanan Hotel | Location: (37.78658, -122.43019)
2025-02-18 22:30:51,144 [DEBUG] views - Processing hotel: Hotel Nikko San Francisco | Location: (37.78627, -122.40936)
2025-02-18 22:30:51,144 [DEBUG] views - Processing hotel: The Clift Royal Sonesta San Francisco | Location: (37.78699, -122.41108)
2025-02-18 22:30:51,144 [DEBUG] views - Processing hotel: The Barnes San Francisco  Tapestry Collection by Hilton | Location: (37.7868, -122.40836)
2025-02-18 22:30:51,146 [DEBUG] views - Processing hotel: Warwick San Francisco Hotel | Location: (37.78714, -122.41133)
2025-02-18 22:30:51,146 [DEBUG] views - Processing hotel: Handlery Union Square Hotel | Location: (37.78719, -122.40894)
2025-02-18 22:30:51,146 [DEBUG] views - Processing hotel: Hotel Julian | Location: (37.78843, -122.41597)
2025-02-18 22:30:51,146 [DEBUG] views - Processing hotel: King George Hotel in Union Square | Location: (37.78669, -122.40972)
2025-02-18 22:30:51,174 [INFO] views - Hotels found: 33 Search ID={'id': 9985, 'time': '2025-02-18 22:30:47'}
2025-02-18 22:30:51,174 [DEBUG] views - Hotel: The Cartwright Hotel - Union Square, BW Premier Collection | Price: 126 
2025-02-18 22:30:51,174 [DEBUG] views - Hotel: The Mosser | Price: 89 
2025-02-18 22:30:51,174 [DEBUG] views - Hotel: Hotel Stratford San Francisco - Handwritten Collection | Price: 151 
2025-02-18 22:30:51,174 [DEBUG] views - Hotel: Chancellor Hotel on Union Square | Price: 128 
2025-02-18 22:30:51,174 [DEBUG] views - Hotel: Inn at Union Square | Price: 148 
2025-02-18 22:30:57,161 [INFO] views - User searching hotels: Location=(37.7749, -122.4194), Adults=1, Radius=2km, Search ID=1842, Create Time=2025-02-18 22:30:57
2025-02-18 22:31:00,577 [DEBUG] views - Processing hotel: Best Western Red Coach Inn | Location: (37.78343, -122.41951)
2025-02-18 22:31:00,577 [DEBUG] views - Processing hotel: Courtyard by Marriott San Francisco Downtown Van Ness Ave | Location: (37.78546, -122.42118)
2025-02-18 22:31:00,584 [DEBUG] views - Processing hotel: San Francisco Proper a Member of Design Hotels | Location: (37.78088, -122.41268)
2025-02-18 22:31:00,585 [DEBUG] views - Processing hotel: Hampton Inn San Francisco Downtown/Convention Center | Location: (37.78235, -122.40795)
2025-02-18 22:31:00,585 [DEBUG] views - Processing hotel: Motel 6 San Francisco CA Civic Center | Location: (37.78322, -122.41738)
2025-02-18 22:31:00,585 [DEBUG] views - Processing hotel: SF Central Hotel | Location: (37.77223, -122.42444)
2025-02-18 22:31:00,585 [DEBUG] views - Processing hotel: Timbri Hotel San Francisco  Curio Collection by Hilton | Location: (37.78306, -122.40996)
2025-02-18 22:31:00,585 [DEBUG] views - Processing hotel: Signature San Francisco | Location: (37.77735, -122.4082)
2025-02-18 22:31:00,585 [DEBUG] views - Processing hotel: Rodeway Inn Civic Center | Location: (37.78286, -122.42196)
2025-02-18 22:31:00,585 [DEBUG] views - Processing hotel: BEI San Francisco, Trademark Collection by Wyndham | Location: (37.77764, -122.41428)
2025-02-18 22:31:00,585 [DEBUG] views - Processing hotel: SoMa House Hotel | Location: (37.77879, -122.41007)
2025-02-18 22:31:00,585 [DEBUG] views - Processing hotel: Hotel Garrett | Location: (37.77886, -122.411)
2025-02-18 22:31:00,589 [DEBUG] views - Processing hotel: CIVIC CENTER MOTOR INN | Location: (37.77267, -122.41087)
2025-02-18 22:31:00,589 [DEBUG] views - Processing hotel: Hotel Fiona | Location: (37.77865, -122.41041)
2025-02-18 22:31:00,589 [DEBUG] views - Processing hotel: YOTEL San Francisco | Location: (37.78034, -122.41203)
2025-02-18 22:31:00,589 [DEBUG] views - Processing hotel: San Francisco Inn | Location: (37.77276, -122.41038)
2025-02-18 22:31:00,619 [DEBUG] views - Processing hotel: Hotel Zeppelin San Francisco | Location: (37.78783, -122.41073)
2025-02-18 22:31:00,619 [DEBUG] views - Processing hotel: citizenM San Francisco Union Square | Location: (37.78578, -122.40753)
2025-02-18 22:31:00,619 [DEBUG] views - Processing hotel: The Metro Hotel | Location: (37.77279, -122.43697)
2025-02-18 22:31:00,619 [DEBUG] views - Processing hotel: Union Square Plaza Hotel | Location: (37.78718, -122.4104)
2025-02-18 22:31:00,619 [DEBUG] views - Processing hotel: Hotel G | Location: (37.7873, -122.40964)
2025-02-18 22:31:00,619 [DEBUG] views - Processing hotel: Holiday Inn Exp Union Square | Location: (37.78629, -122.40872)
2025-02-18 22:31:00,619 [DEBUG] views - Processing hotel: INTERCONTINENTAL SAN FRANCISCO | Location: (37.78208, -122.40449)
2025-02-18 22:31:00,619 [DEBUG] views - Processing hotel: Kimpton Buchanan Hotel | Location: (37.78658, -122.43019)
2025-02-18 22:31:00,619 [DEBUG] views - Processing hotel: Hotel Nikko San Francisco | Location: (37.78627, -122.40936)
2025-02-18 22:31:00,619 [DEBUG] views - Processing hotel: The Clift Royal Sonesta San Francisco | Location: (37.78699, -122.41108)
2025-02-18 22:31:00,619 [DEBUG] views - Processing hotel: The Barnes San Francisco  Tapestry Collection by Hilton | Location: (37.7868, -122.40836)
2025-02-18 22:31:00,624 [DEBUG] views - Processing hotel: Warwick San Francisco Hotel | Location: (37.78714, -122.41133)
2025-02-18 22:31:00,624 [DEBUG] views - Processing hotel: Handlery Union Square Hotel | Location: (37.78719, -122.40894)
2025-02-18 22:31:00,624 [DEBUG] views - Processing hotel: Hotel Julian | Location: (37.78843, -122.41597)
2025-02-18 22:31:00,625 [DEBUG] views - Processing hotel: King George Hotel in Union Square | Location: (37.78669, -122.40972)
2025-02-18 22:31:00,646 [DEBUG] views - Processing hotel: Hotel Adagio Autograph Collection | Location: (37.78692, -122.41207)
2025-02-18 22:31:00,650 [DEBUG] views - Processing hotel: Hotel Abri | Location: (37.78533, -122.40836)
2025-02-18 22:31:00,650 [DEBUG] views - Processing hotel: Staypineapple, An Elegant Hotel, Union Square San Francisco | Location: (37.78693, -122.41299)
2025-02-18 22:31:00,650 [DEBUG] views - Processing hotel: Axiom Hotel | Location: (37.78483, -122.4086)
2025-02-18 22:31:00,650 [DEBUG] views - Processing hotel: Hotel Zetta San Francisco | Location: (37.78341, -122.40706)
2025-02-18 22:31:00,650 [DEBUG] views - Processing hotel: Courtyard by Marriott San Francisco Union Square | Location: (37.78743, -122.41433)
2025-02-18 22:31:00,650 [DEBUG] views - Processing hotel: Calista Organic Hotel | Location: (37.78849, -122.42161)
2025-02-18 22:31:00,650 [DEBUG] views - Processing hotel: Parc 55 San Francisco - a Hilton Hotel | Location: (37.78488, -122.40884)
2025-02-18 22:31:00,650 [DEBUG] views - Processing hotel: Hilton San Francisco Union Square | Location: (37.78598, -122.41076)
2025-02-18 22:31:00,650 [DEBUG] views - Processing hotel: Hotel Kabuki, part of JdV by Hyatt | Location: (37.7857, -122.42891)
2025-02-18 22:31:00,650 [DEBUG] views - Processing hotel: Hotel Fusion | Location: (37.78549, -122.40851)
2025-02-18 22:31:00,650 [DEBUG] views - Processing hotel: Super 8 by Wyndham San Francisco/Union Square Area | Location: (37.78593, -122.4117)
2025-02-18 22:31:00,654 [DEBUG] views - Processing hotel: The Marker Union Square San Francisco | Location: (37.78656, -122.4119)
2025-02-18 22:31:00,654 [DEBUG] views - Processing hotel: Mithila San Francisco, SureStay Collection by Best Western | Location: (37.78834, -122.41633)
2025-02-18 22:31:00,654 [DEBUG] views - Processing hotel: Vignette Collection Hotel Spero | Location: (37.78615, -122.41165)
2025-02-18 22:31:00,654 [DEBUG] views - Processing hotel: Becks Motor Lodge | Location: (37.76556, -122.43178)
2025-02-18 22:31:00,654 [DEBUG] views - Processing hotel: Beresford Arms Hotel | Location: (37.78736, -122.4135)
2025-02-18 22:31:00,654 [DEBUG] views - Processing hotel: Queen Anne Hotel | Location: (37.78703, -122.42662)
2025-02-18 22:31:00,654 [DEBUG] views - Processing hotel: The Hotel Majestic | Location: (37.78725, -122.42543)
2025-02-18 22:31:01,130 [DEBUG] views - Processing hotel: Hotel Zelos San Francisco | Location: (37.78532, -122.40551)
2025-02-18 22:31:01,130 [DEBUG] views - Processing hotel: The Cartwright Hotel - Union Square, BW Premier Collection | Location: (37.78929, -122.40918)
2025-02-18 22:31:01,130 [DEBUG] views - Processing hotel: Four Seasons Hotel San Francisco | Location: (37.78634, -122.40425)
2025-02-18 22:31:01,130 [DEBUG] views - Processing hotel: The Mosser | Location: (37.78501, -122.40516)
2025-02-18 22:31:01,130 [DEBUG] views - Processing hotel: HOLIDAY INN GOLDEN GATEWAY | Location: (37.78992, -122.42193)
2025-02-18 22:31:01,130 [DEBUG] views - Processing hotel: Grand Hyatt San Francisco | Location: (37.78905, -122.40727)
2025-02-18 22:31:01,130 [DEBUG] views - Processing hotel: San Francisco Marriott Marquis | Location: (37.78497, -122.40396)
2025-02-18 22:31:01,130 [DEBUG] views - Processing hotel: JW Marriott San Francisco Union Square | Location: (37.78819, -122.41043)
2025-02-18 22:31:01,130 [DEBUG] views - Processing hotel: San Francisco Marriott Union Square | Location: (37.78937, -122.40826)
2025-02-18 22:31:01,134 [DEBUG] views - Processing hotel: Petite Auberge | Location: (37.78973, -122.41147)
2025-02-18 22:31:01,134 [DEBUG] views - Processing hotel: White Swan Inn | Location: (37.7897, -122.4112)
2025-02-18 22:31:01,134 [DEBUG] views - Processing hotel: Canopy by Hilton San Francisco SoMa | Location: (37.78243, -122.40214)
2025-02-18 22:31:01,134 [DEBUG] views - Processing hotel: Hotel Stratford San Francisco - Handwritten Collection | Location: (37.78703, -122.40803)
2025-02-18 22:31:01,134 [DEBUG] views - Processing hotel: The Westin St Francis San Francisco on Union Square | Location: (37.7877, -122.4085)
2025-02-18 22:31:01,135 [DEBUG] views - Processing hotel: Chancellor Hotel on Union Square | Location: (37.78869, -122.40859)
2025-02-18 22:31:01,135 [DEBUG] views - Processing hotel: Hotel Emblem San Francisco | Location: (37.7892, -122.4098)
2025-02-18 22:31:01,135 [DEBUG] views - Processing hotel: Beacon Grand | Location: (37.7888, -122.40836)
2025-02-18 22:31:01,135 [DEBUG] views - Processing hotel: Inn at Union Square | Location: (37.78821, -122.40904)
2025-02-18 22:31:01,650 [DEBUG] views - Processing hotel: Hotel Triton | Location: (37.79034, -122.4054)
2025-02-18 22:31:01,653 [DEBUG] views - Processing hotel: Galleria Park Hotel | Location: (37.78969, -122.40345)
2025-02-18 22:31:01,653 [DEBUG] views - Processing hotel: Fairmont San Francisco | Location: (37.79238, -122.41066)
2025-02-18 22:31:01,653 [DEBUG] views - Processing hotel: Hyatt Regency San Francisco Downtown SOMA | Location: (37.7866, -122.40307)
2025-02-18 22:31:01,653 [DEBUG] views - Processing hotel: INTERCONTINENTAL MARK HOPKINS | Location: (37.7917, -122.41055)
2025-02-18 22:31:01,654 [DEBUG] views - Processing hotel: Palace Hotel a Luxury Collection Hotel San Francisco | Location: (37.78804, -122.40186)
2025-02-18 22:31:01,654 [DEBUG] views - Processing hotel: The Ritz-Carlton San Francisco | Location: (37.79187, -122.40716)
2025-02-18 22:31:01,654 [DEBUG] views - Processing hotel: Taj Campton Place San Francisco | Location: (37.78913, -122.40682)
2025-02-18 22:31:01,654 [DEBUG] views - Processing hotel: W San Francisco | Location: (37.7853, -122.40054)
2025-02-18 22:31:01,654 [DEBUG] views - Processing hotel: Hotel 32One | Location: (37.78991, -122.40557)
2025-02-18 22:31:01,656 [DEBUG] views - Processing hotel: The St Regis San Francisco | Location: (37.78622, -122.40138)
2025-02-18 22:31:01,656 [DEBUG] views - Processing hotel: Stanford Court Hotel | Location: (37.79188, -122.4095)
2025-02-18 22:31:01,656 [DEBUG] views - Processing hotel: Executive Hotel Vintage Court | Location: (37.79036, -122.40811)
2025-02-18 22:31:01,656 [DEBUG] views - Processing hotel: Cornell Hotel De France | Location: (37.79001, -122.40912)
2025-02-18 22:31:01,657 [DEBUG] views - Processing hotel: Palihotel San Francisco | Location: (37.78985, -122.40722)
2025-02-18 22:31:01,657 [DEBUG] views - Processing hotel: Orchard Garden Hotel | Location: (37.79075, -122.40521)
2025-02-18 22:31:01,657 [DEBUG] views - Processing hotel: Orchard Hotel | Location: (37.79013, -122.40849)
2025-02-18 22:31:01,687 [INFO] views - Hotels found: 33 Search ID={'id': 1842, 'time': '2025-02-18 22:30:57'}
2025-02-18 22:31:01,688 [DEBUG] views - Hotel: Best Western Red Coach Inn | Price: 121 
2025-02-18 22:31:01,688 [DEBUG] views - Hotel: Motel 6 San Francisco CA Civic Center | Price: 129 
2025-02-18 22:31:01,688 [DEBUG] views - Hotel: SF Central Hotel | Price: 78 
2025-02-18 22:31:01,690 [DEBUG] views - Hotel: Signature San Francisco | Price: 135 
2025-02-18 22:31:01,690 [DEBUG] views - Hotel: Rodeway Inn Civic Center | Price: 81 
2025-02-18 22:32:37,032 [INFO] views - User searching hotels: Location=(37.7749, -122.4194), Adults=1, Radius=2km, Search ID=7683, Create Time=2025-02-18 22:32:37
2025-02-18 22:32:40,279 [DEBUG] views - Processing hotel: Hotel Zelos San Francisco | Location: (37.78532, -122.40551)
2025-02-18 22:32:40,279 [DEBUG] views - Processing hotel: The Cartwright Hotel - Union Square, BW Premier Collection | Location: (37.78929, -122.40918)
2025-02-18 22:32:40,279 [DEBUG] views - Processing hotel: Four Seasons Hotel San Francisco | Location: (37.78634, -122.40425)
2025-02-18 22:32:40,279 [DEBUG] views - Processing hotel: The Mosser | Location: (37.78501, -122.40516)
2025-02-18 22:32:40,279 [DEBUG] views - Processing hotel: HOLIDAY INN GOLDEN GATEWAY | Location: (37.78992, -122.42193)
2025-02-18 22:32:40,279 [DEBUG] views - Processing hotel: Grand Hyatt San Francisco | Location: (37.78905, -122.40727)
2025-02-18 22:32:40,282 [DEBUG] views - Processing hotel: San Francisco Marriott Marquis | Location: (37.78497, -122.40396)
2025-02-18 22:32:40,282 [DEBUG] views - Processing hotel: JW Marriott San Francisco Union Square | Location: (37.78819, -122.41043)
2025-02-18 22:32:40,282 [DEBUG] views - Processing hotel: San Francisco Marriott Union Square | Location: (37.78937, -122.40826)
2025-02-18 22:32:40,282 [DEBUG] views - Processing hotel: Petite Auberge | Location: (37.78973, -122.41147)
2025-02-18 22:32:40,282 [DEBUG] views - Processing hotel: White Swan Inn | Location: (37.7897, -122.4112)
2025-02-18 22:32:40,284 [DEBUG] views - Processing hotel: Canopy by Hilton San Francisco SoMa | Location: (37.78243, -122.40214)
2025-02-18 22:32:40,284 [DEBUG] views - Processing hotel: Hotel Stratford San Francisco - Handwritten Collection | Location: (37.78703, -122.40803)
2025-02-18 22:32:40,284 [DEBUG] views - Processing hotel: The Westin St Francis San Francisco on Union Square | Location: (37.7877, -122.4085)
2025-02-18 22:32:40,284 [DEBUG] views - Processing hotel: Chancellor Hotel on Union Square | Location: (37.78869, -122.40859)
2025-02-18 22:32:40,284 [DEBUG] views - Processing hotel: Hotel Emblem San Francisco | Location: (37.7892, -122.4098)
2025-02-18 22:32:40,284 [DEBUG] views - Processing hotel: Beacon Grand | Location: (37.7888, -122.40836)
2025-02-18 22:32:40,284 [DEBUG] views - Processing hotel: Inn at Union Square | Location: (37.78821, -122.40904)
2025-02-18 22:32:40,457 [DEBUG] views - Processing hotel: Hotel Zeppelin San Francisco | Location: (37.78783, -122.41073)
2025-02-18 22:32:40,457 [DEBUG] views - Processing hotel: citizenM San Francisco Union Square | Location: (37.78578, -122.40753)
2025-02-18 22:32:40,457 [DEBUG] views - Processing hotel: The Metro Hotel | Location: (37.77279, -122.43697)
2025-02-18 22:32:40,457 [DEBUG] views - Processing hotel: Union Square Plaza Hotel | Location: (37.78718, -122.4104)
2025-02-18 22:32:40,457 [DEBUG] views - Processing hotel: Hotel G | Location: (37.7873, -122.40964)
2025-02-18 22:32:40,457 [DEBUG] views - Processing hotel: Holiday Inn Exp Union Square | Location: (37.78629, -122.40872)
2025-02-18 22:32:40,457 [DEBUG] views - Processing hotel: INTERCONTINENTAL SAN FRANCISCO | Location: (37.78208, -122.40449)
2025-02-18 22:32:40,457 [DEBUG] views - Processing hotel: Kimpton Buchanan Hotel | Location: (37.78658, -122.43019)
2025-02-18 22:32:40,457 [DEBUG] views - Processing hotel: Hotel Nikko San Francisco | Location: (37.78627, -122.40936)
2025-02-18 22:32:40,461 [DEBUG] views - Processing hotel: The Clift Royal Sonesta San Francisco | Location: (37.78699, -122.41108)
2025-02-18 22:32:40,461 [DEBUG] views - Processing hotel: The Barnes San Francisco  Tapestry Collection by Hilton | Location: (37.7868, -122.40836)
2025-02-18 22:32:40,461 [DEBUG] views - Processing hotel: Warwick San Francisco Hotel | Location: (37.78714, -122.41133)
2025-02-18 22:32:40,462 [DEBUG] views - Processing hotel: Handlery Union Square Hotel | Location: (37.78719, -122.40894)
2025-02-18 22:32:40,462 [DEBUG] views - Processing hotel: Hotel Julian | Location: (37.78843, -122.41597)
2025-02-18 22:32:40,462 [DEBUG] views - Processing hotel: King George Hotel in Union Square | Location: (37.78669, -122.40972)
2025-02-18 22:32:40,732 [DEBUG] views - Processing hotel: Hotel Triton | Location: (37.79034, -122.4054)
2025-02-18 22:32:40,732 [DEBUG] views - Processing hotel: Galleria Park Hotel | Location: (37.78969, -122.40345)
2025-02-18 22:32:40,735 [DEBUG] views - Processing hotel: Fairmont San Francisco | Location: (37.79238, -122.41066)
2025-02-18 22:32:40,737 [DEBUG] views - Processing hotel: Hyatt Regency San Francisco Downtown SOMA | Location: (37.7866, -122.40307)
2025-02-18 22:32:40,737 [DEBUG] views - Processing hotel: INTERCONTINENTAL MARK HOPKINS | Location: (37.7917, -122.41055)
2025-02-18 22:32:40,738 [DEBUG] views - Processing hotel: Palace Hotel a Luxury Collection Hotel San Francisco | Location: (37.78804, -122.40186)
2025-02-18 22:32:40,738 [DEBUG] views - Processing hotel: The Ritz-Carlton San Francisco | Location: (37.79187, -122.40716)
2025-02-18 22:32:40,739 [DEBUG] views - Processing hotel: Taj Campton Place San Francisco | Location: (37.78913, -122.40682)
2025-02-18 22:32:40,740 [DEBUG] views - Processing hotel: W San Francisco | Location: (37.7853, -122.40054)
2025-02-18 22:32:40,740 [DEBUG] views - Processing hotel: Hotel 32One | Location: (37.78991, -122.40557)
2025-02-18 22:32:40,740 [DEBUG] views - Processing hotel: The St Regis San Francisco | Location: (37.78622, -122.40138)
2025-02-18 22:32:40,740 [DEBUG] views - Processing hotel: Stanford Court Hotel | Location: (37.79188, -122.4095)
2025-02-18 22:32:40,741 [DEBUG] views - Processing hotel: Executive Hotel Vintage Court | Location: (37.79036, -122.40811)
2025-02-18 22:32:40,741 [DEBUG] views - Processing hotel: Cornell Hotel De France | Location: (37.79001, -122.40912)
2025-02-18 22:32:40,741 [DEBUG] views - Processing hotel: Palihotel San Francisco | Location: (37.78985, -122.40722)
2025-02-18 22:32:40,741 [DEBUG] views - Processing hotel: Orchard Garden Hotel | Location: (37.79075, -122.40521)
2025-02-18 22:32:40,743 [DEBUG] views - Processing hotel: Orchard Hotel | Location: (37.79013, -122.40849)
2025-02-18 22:32:40,780 [DEBUG] views - Processing hotel: Hotel Adagio Autograph Collection | Location: (37.78692, -122.41207)
2025-02-18 22:32:40,780 [DEBUG] views - Processing hotel: Hotel Abri | Location: (37.78533, -122.40836)
2025-02-18 22:32:40,780 [DEBUG] views - Processing hotel: Staypineapple, An Elegant Hotel, Union Square San Francisco | Location: (37.78693, -122.41299)
2025-02-18 22:32:40,780 [DEBUG] views - Processing hotel: Axiom Hotel | Location: (37.78483, -122.4086)
2025-02-18 22:32:40,780 [DEBUG] views - Processing hotel: Hotel Zetta San Francisco | Location: (37.78341, -122.40706)
2025-02-18 22:32:40,784 [DEBUG] views - Processing hotel: Courtyard by Marriott San Francisco Union Square | Location: (37.78743, -122.41433)
2025-02-18 22:32:40,784 [DEBUG] views - Processing hotel: Calista Organic Hotel | Location: (37.78849, -122.42161)
2025-02-18 22:32:40,784 [DEBUG] views - Processing hotel: Parc 55 San Francisco - a Hilton Hotel | Location: (37.78488, -122.40884)
2025-02-18 22:32:40,784 [DEBUG] views - Processing hotel: Hilton San Francisco Union Square | Location: (37.78598, -122.41076)
2025-02-18 22:32:40,784 [DEBUG] views - Processing hotel: Hotel Kabuki, part of JdV by Hyatt | Location: (37.7857, -122.42891)
2025-02-18 22:32:40,784 [DEBUG] views - Processing hotel: Hotel Fusion | Location: (37.78549, -122.40851)
2025-02-18 22:32:40,786 [DEBUG] views - Processing hotel: Super 8 by Wyndham San Francisco/Union Square Area | Location: (37.78593, -122.4117)
2025-02-18 22:32:40,786 [DEBUG] views - Processing hotel: The Marker Union Square San Francisco | Location: (37.78656, -122.4119)
2025-02-18 22:32:40,786 [DEBUG] views - Processing hotel: Mithila San Francisco, SureStay Collection by Best Western | Location: (37.78834, -122.41633)
2025-02-18 22:32:40,788 [DEBUG] views - Processing hotel: Vignette Collection Hotel Spero | Location: (37.78615, -122.41165)
2025-02-18 22:32:40,788 [DEBUG] views - Processing hotel: Becks Motor Lodge | Location: (37.76556, -122.43178)
2025-02-18 22:32:40,788 [DEBUG] views - Processing hotel: Beresford Arms Hotel | Location: (37.78736, -122.4135)
2025-02-18 22:32:40,788 [DEBUG] views - Processing hotel: Queen Anne Hotel | Location: (37.78703, -122.42662)
2025-02-18 22:32:40,788 [DEBUG] views - Processing hotel: The Hotel Majestic | Location: (37.78725, -122.42543)
2025-02-18 22:32:41,237 [DEBUG] views - Processing hotel: Best Western Red Coach Inn | Location: (37.78343, -122.41951)
2025-02-18 22:32:41,237 [DEBUG] views - Processing hotel: Courtyard by Marriott San Francisco Downtown Van Ness Ave | Location: (37.78546, -122.42118)
2025-02-18 22:32:41,237 [DEBUG] views - Processing hotel: San Francisco Proper a Member of Design Hotels | Location: (37.78088, -122.41268)
2025-02-18 22:32:41,237 [DEBUG] views - Processing hotel: Hampton Inn San Francisco Downtown/Convention Center | Location: (37.78235, -122.40795)
2025-02-18 22:32:41,237 [DEBUG] views - Processing hotel: Motel 6 San Francisco CA Civic Center | Location: (37.78322, -122.41738)
2025-02-18 22:32:41,237 [DEBUG] views - Processing hotel: SF Central Hotel | Location: (37.77223, -122.42444)
2025-02-18 22:32:41,237 [DEBUG] views - Processing hotel: Timbri Hotel San Francisco  Curio Collection by Hilton | Location: (37.78306, -122.40996)
2025-02-18 22:32:41,237 [DEBUG] views - Processing hotel: Signature San Francisco | Location: (37.77735, -122.4082)
2025-02-18 22:32:41,237 [DEBUG] views - Processing hotel: Rodeway Inn Civic Center | Location: (37.78286, -122.42196)
2025-02-18 22:32:41,237 [DEBUG] views - Processing hotel: BEI San Francisco, Trademark Collection by Wyndham | Location: (37.77764, -122.41428)
2025-02-18 22:32:41,237 [DEBUG] views - Processing hotel: SoMa House Hotel | Location: (37.77879, -122.41007)
2025-02-18 22:32:41,237 [DEBUG] views - Processing hotel: Hotel Garrett | Location: (37.77886, -122.411)
2025-02-18 22:32:41,237 [DEBUG] views - Processing hotel: CIVIC CENTER MOTOR INN | Location: (37.77267, -122.41087)
2025-02-18 22:32:41,237 [DEBUG] views - Processing hotel: Hotel Fiona | Location: (37.77865, -122.41041)
2025-02-18 22:32:41,243 [DEBUG] views - Processing hotel: YOTEL San Francisco | Location: (37.78034, -122.41203)
2025-02-18 22:32:41,243 [DEBUG] views - Processing hotel: San Francisco Inn | Location: (37.77276, -122.41038)
2025-02-18 22:32:41,274 [INFO] views - Hotels found: 33 Search ID={'id': 7683, 'time': '2025-02-18 22:32:37'}
2025-02-18 22:32:41,274 [DEBUG] views - Hotel: The Cartwright Hotel - Union Square, BW Premier Collection | Price: 126 
2025-02-18 22:32:41,274 [DEBUG] views - Hotel: The Mosser | Price: 89 
2025-02-18 22:32:41,274 [DEBUG] views - Hotel: Hotel Stratford San Francisco - Handwritten Collection | Price: 151 
2025-02-18 22:32:41,276 [DEBUG] views - Hotel: Chancellor Hotel on Union Square | Price: 128 
2025-02-18 22:32:41,276 [DEBUG] views - Hotel: Inn at Union Square | Price: 148 
2025-02-18 22:33:59,199 [INFO] views - User searching hotels: Location=(37.7749, -122.4194), Adults=1, Radius=2km, Search ID=4686, Create Time=2025-02-18 22:33:59
2025-02-18 22:34:02,630 [DEBUG] views - Processing hotel: Hotel Adagio Autograph Collection | Location: (37.78692, -122.41207)
2025-02-18 22:34:02,634 [DEBUG] views - Processing hotel: Hotel Abri | Location: (37.78533, -122.40836)
2025-02-18 22:34:02,634 [DEBUG] views - Processing hotel: Staypineapple, An Elegant Hotel, Union Square San Francisco | Location: (37.78693, -122.41299)
2025-02-18 22:34:02,634 [DEBUG] views - Processing hotel: Axiom Hotel | Location: (37.78483, -122.4086)
2025-02-18 22:34:02,634 [DEBUG] views - Processing hotel: Hotel Zetta San Francisco | Location: (37.78341, -122.40706)
2025-02-18 22:34:02,634 [DEBUG] views - Processing hotel: Courtyard by Marriott San Francisco Union Square | Location: (37.78743, -122.41433)
2025-02-18 22:34:02,634 [DEBUG] views - Processing hotel: Calista Organic Hotel | Location: (37.78849, -122.42161)
2025-02-18 22:34:02,634 [DEBUG] views - Processing hotel: Parc 55 San Francisco - a Hilton Hotel | Location: (37.78488, -122.40884)
2025-02-18 22:34:02,634 [DEBUG] views - Processing hotel: Hilton San Francisco Union Square | Location: (37.78598, -122.41076)
2025-02-18 22:34:02,634 [DEBUG] views - Processing hotel: Hotel Kabuki, part of JdV by Hyatt | Location: (37.7857, -122.42891)
2025-02-18 22:34:02,634 [DEBUG] views - Processing hotel: Hotel Fusion | Location: (37.78549, -122.40851)
2025-02-18 22:34:02,634 [DEBUG] views - Processing hotel: Super 8 by Wyndham San Francisco/Union Square Area | Location: (37.78593, -122.4117)
2025-02-18 22:34:02,634 [DEBUG] views - Processing hotel: The Marker Union Square San Francisco | Location: (37.78656, -122.4119)
2025-02-18 22:34:02,639 [DEBUG] views - Processing hotel: Mithila San Francisco, SureStay Collection by Best Western | Location: (37.78834, -122.41633)
2025-02-18 22:34:02,639 [DEBUG] views - Processing hotel: Vignette Collection Hotel Spero | Location: (37.78615, -122.41165)
2025-02-18 22:34:02,639 [DEBUG] views - Processing hotel: Becks Motor Lodge | Location: (37.76556, -122.43178)
2025-02-18 22:34:02,640 [DEBUG] views - Processing hotel: Beresford Arms Hotel | Location: (37.78736, -122.4135)
2025-02-18 22:34:02,640 [DEBUG] views - Processing hotel: Queen Anne Hotel | Location: (37.78703, -122.42662)
2025-02-18 22:34:02,640 [DEBUG] views - Processing hotel: The Hotel Majestic | Location: (37.78725, -122.42543)
2025-02-18 22:34:02,803 [DEBUG] views - Processing hotel: Hotel Zeppelin San Francisco | Location: (37.78783, -122.41073)
2025-02-18 22:34:02,803 [DEBUG] views - Processing hotel: citizenM San Francisco Union Square | Location: (37.78578, -122.40753)
2025-02-18 22:34:02,803 [DEBUG] views - Processing hotel: The Metro Hotel | Location: (37.77279, -122.43697)
2025-02-18 22:34:02,803 [DEBUG] views - Processing hotel: Union Square Plaza Hotel | Location: (37.78718, -122.4104)
2025-02-18 22:34:02,803 [DEBUG] views - Processing hotel: Hotel G | Location: (37.7873, -122.40964)
2025-02-18 22:34:02,803 [DEBUG] views - Processing hotel: Holiday Inn Exp Union Square | Location: (37.78629, -122.40872)
2025-02-18 22:34:02,803 [DEBUG] views - Processing hotel: INTERCONTINENTAL SAN FRANCISCO | Location: (37.78208, -122.40449)
2025-02-18 22:34:02,803 [DEBUG] views - Processing hotel: Kimpton Buchanan Hotel | Location: (37.78658, -122.43019)
2025-02-18 22:34:02,803 [DEBUG] views - Processing hotel: Hotel Nikko San Francisco | Location: (37.78627, -122.40936)
2025-02-18 22:34:02,803 [DEBUG] views - Processing hotel: The Clift Royal Sonesta San Francisco | Location: (37.78699, -122.41108)
2025-02-18 22:34:02,803 [DEBUG] views - Processing hotel: The Barnes San Francisco  Tapestry Collection by Hilton | Location: (37.7868, -122.40836)
2025-02-18 22:34:02,803 [DEBUG] views - Processing hotel: Warwick San Francisco Hotel | Location: (37.78714, -122.41133)
2025-02-18 22:34:02,803 [DEBUG] views - Processing hotel: Handlery Union Square Hotel | Location: (37.78719, -122.40894)
2025-02-18 22:34:02,811 [DEBUG] views - Processing hotel: Hotel Julian | Location: (37.78843, -122.41597)
2025-02-18 22:34:02,811 [DEBUG] views - Processing hotel: King George Hotel in Union Square | Location: (37.78669, -122.40972)
2025-02-18 22:34:03,048 [DEBUG] views - Processing hotel: Hotel Zelos San Francisco | Location: (37.78532, -122.40551)
2025-02-18 22:34:03,050 [DEBUG] views - Processing hotel: The Cartwright Hotel - Union Square, BW Premier Collection | Location: (37.78929, -122.40918)
2025-02-18 22:34:03,050 [DEBUG] views - Processing hotel: Four Seasons Hotel San Francisco | Location: (37.78634, -122.40425)
2025-02-18 22:34:03,051 [DEBUG] views - Processing hotel: The Mosser | Location: (37.78501, -122.40516)
2025-02-18 22:34:03,051 [DEBUG] views - Processing hotel: HOLIDAY INN GOLDEN GATEWAY | Location: (37.78992, -122.42193)
2025-02-18 22:34:03,051 [DEBUG] views - Processing hotel: Grand Hyatt San Francisco | Location: (37.78905, -122.40727)
2025-02-18 22:34:03,051 [DEBUG] views - Processing hotel: San Francisco Marriott Marquis | Location: (37.78497, -122.40396)
2025-02-18 22:34:03,051 [DEBUG] views - Processing hotel: JW Marriott San Francisco Union Square | Location: (37.78819, -122.41043)
2025-02-18 22:34:03,051 [DEBUG] views - Processing hotel: San Francisco Marriott Union Square | Location: (37.78937, -122.40826)
2025-02-18 22:34:03,054 [DEBUG] views - Processing hotel: Petite Auberge | Location: (37.78973, -122.41147)
2025-02-18 22:34:03,054 [DEBUG] views - Processing hotel: White Swan Inn | Location: (37.7897, -122.4112)
2025-02-18 22:34:03,054 [DEBUG] views - Processing hotel: Canopy by Hilton San Francisco SoMa | Location: (37.78243, -122.40214)
2025-02-18 22:34:03,054 [DEBUG] views - Processing hotel: Hotel Stratford San Francisco - Handwritten Collection | Location: (37.78703, -122.40803)
2025-02-18 22:34:03,054 [DEBUG] views - Processing hotel: The Westin St Francis San Francisco on Union Square | Location: (37.7877, -122.4085)
2025-02-18 22:34:03,054 [DEBUG] views - Processing hotel: Chancellor Hotel on Union Square | Location: (37.78869, -122.40859)
2025-02-18 22:34:03,054 [DEBUG] views - Processing hotel: Hotel Emblem San Francisco | Location: (37.7892, -122.4098)
2025-02-18 22:34:03,054 [DEBUG] views - Processing hotel: Beacon Grand | Location: (37.7888, -122.40836)
2025-02-18 22:34:03,054 [DEBUG] views - Processing hotel: Inn at Union Square | Location: (37.78821, -122.40904)
2025-02-18 22:34:03,544 [DEBUG] views - Processing hotel: Hotel Triton | Location: (37.79034, -122.4054)
2025-02-18 22:34:03,544 [DEBUG] views - Processing hotel: Galleria Park Hotel | Location: (37.78969, -122.40345)
2025-02-18 22:34:03,544 [DEBUG] views - Processing hotel: Fairmont San Francisco | Location: (37.79238, -122.41066)
2025-02-18 22:34:03,544 [DEBUG] views - Processing hotel: Hyatt Regency San Francisco Downtown SOMA | Location: (37.7866, -122.40307)
2025-02-18 22:34:03,544 [DEBUG] views - Processing hotel: INTERCONTINENTAL MARK HOPKINS | Location: (37.7917, -122.41055)
2025-02-18 22:34:03,546 [DEBUG] views - Processing hotel: Palace Hotel a Luxury Collection Hotel San Francisco | Location: (37.78804, -122.40186)
2025-02-18 22:34:03,546 [DEBUG] views - Processing hotel: The Ritz-Carlton San Francisco | Location: (37.79187, -122.40716)
2025-02-18 22:34:03,546 [DEBUG] views - Processing hotel: Taj Campton Place San Francisco | Location: (37.78913, -122.40682)
2025-02-18 22:34:03,546 [DEBUG] views - Processing hotel: W San Francisco | Location: (37.7853, -122.40054)
2025-02-18 22:34:03,546 [DEBUG] views - Processing hotel: Hotel 32One | Location: (37.78991, -122.40557)
2025-02-18 22:34:03,547 [DEBUG] views - Processing hotel: The St Regis San Francisco | Location: (37.78622, -122.40138)
2025-02-18 22:34:03,547 [DEBUG] views - Processing hotel: Stanford Court Hotel | Location: (37.79188, -122.4095)
2025-02-18 22:34:03,547 [DEBUG] views - Processing hotel: Executive Hotel Vintage Court | Location: (37.79036, -122.40811)
2025-02-18 22:34:03,549 [DEBUG] views - Processing hotel: Cornell Hotel De France | Location: (37.79001, -122.40912)
2025-02-18 22:34:03,549 [DEBUG] views - Processing hotel: Palihotel San Francisco | Location: (37.78985, -122.40722)
2025-02-18 22:34:03,549 [DEBUG] views - Processing hotel: Orchard Garden Hotel | Location: (37.79075, -122.40521)
2025-02-18 22:34:03,549 [DEBUG] views - Processing hotel: Orchard Hotel | Location: (37.79013, -122.40849)
2025-02-18 22:34:03,691 [DEBUG] views - Processing hotel: Best Western Red Coach Inn | Location: (37.78343, -122.41951)
2025-02-18 22:34:03,692 [DEBUG] views - Processing hotel: Courtyard by Marriott San Francisco Downtown Van Ness Ave | Location: (37.78546, -122.42118)
2025-02-18 22:34:03,692 [DEBUG] views - Processing hotel: San Francisco Proper a Member of Design Hotels | Location: (37.78088, -122.41268)
2025-02-18 22:34:03,692 [DEBUG] views - Processing hotel: Hampton Inn San Francisco Downtown/Convention Center | Location: (37.78235, -122.40795)
2025-02-18 22:34:03,694 [DEBUG] views - Processing hotel: Motel 6 San Francisco CA Civic Center | Location: (37.78322, -122.41738)
2025-02-18 22:34:03,694 [DEBUG] views - Processing hotel: SF Central Hotel | Location: (37.77223, -122.42444)
2025-02-18 22:34:03,694 [DEBUG] views - Processing hotel: Timbri Hotel San Francisco  Curio Collection by Hilton | Location: (37.78306, -122.40996)
2025-02-18 22:34:03,694 [DEBUG] views - Processing hotel: Signature San Francisco | Location: (37.77735, -122.4082)
2025-02-18 22:34:03,694 [DEBUG] views - Processing hotel: Rodeway Inn Civic Center | Location: (37.78286, -122.42196)
2025-02-18 22:34:03,694 [DEBUG] views - Processing hotel: BEI San Francisco, Trademark Collection by Wyndham | Location: (37.77764, -122.41428)
2025-02-18 22:34:03,696 [DEBUG] views - Processing hotel: SoMa House Hotel | Location: (37.77879, -122.41007)
2025-02-18 22:34:03,696 [DEBUG] views - Processing hotel: Hotel Garrett | Location: (37.77886, -122.411)
2025-02-18 22:34:03,696 [DEBUG] views - Processing hotel: CIVIC CENTER MOTOR INN | Location: (37.77267, -122.41087)
2025-02-18 22:34:03,696 [DEBUG] views - Processing hotel: Hotel Fiona | Location: (37.77865, -122.41041)
2025-02-18 22:34:03,696 [DEBUG] views - Processing hotel: YOTEL San Francisco | Location: (37.78034, -122.41203)
2025-02-18 22:34:03,698 [DEBUG] views - Processing hotel: San Francisco Inn | Location: (37.77276, -122.41038)
2025-02-18 22:34:03,726 [INFO] views - Hotels found: 33 Search ID={'id': 4686, 'time': '2025-02-18 22:33:59'}
2025-02-18 22:34:03,727 [DEBUG] views - Hotel: Hotel Abri | Price: 147 
2025-02-18 22:34:03,727 [DEBUG] views - Hotel: Calista Organic Hotel | Price: 93 
2025-02-18 22:34:03,727 [DEBUG] views - Hotel: Super 8 by Wyndham San Francisco/Union Square Area | Price: 76 
2025-02-18 22:34:03,727 [DEBUG] views - Hotel: The Marker Union Square San Francisco | Price: 138 
2025-02-18 22:34:03,727 [DEBUG] views - Hotel: Mithila San Francisco, SureStay Collection by Best Western | Price: 80 
2025-02-18 22:35:55,753 [INFO] views - User searching hotels: Location=(37.7749, -122.4194), Adults=1, Radius=2km, Search ID=5286, Create Time=2025-02-18 22:35:55
2025-02-18 22:35:59,056 [DEBUG] views - Processing hotel: Hotel Triton | Location: (37.79034, -122.4054)
2025-02-18 22:35:59,056 [DEBUG] views - Processing hotel: Galleria Park Hotel | Location: (37.78969, -122.40345)
2025-02-18 22:35:59,056 [DEBUG] views - Processing hotel: Fairmont San Francisco | Location: (37.79238, -122.41066)
2025-02-18 22:35:59,056 [DEBUG] views - Processing hotel: Hyatt Regency San Francisco Downtown SOMA | Location: (37.7866, -122.40307)
2025-02-18 22:35:59,056 [DEBUG] views - Processing hotel: INTERCONTINENTAL MARK HOPKINS | Location: (37.7917, -122.41055)
2025-02-18 22:35:59,056 [DEBUG] views - Processing hotel: Palace Hotel a Luxury Collection Hotel San Francisco | Location: (37.78804, -122.40186)
2025-02-18 22:35:59,056 [DEBUG] views - Processing hotel: The Ritz-Carlton San Francisco | Location: (37.79187, -122.40716)
2025-02-18 22:35:59,056 [DEBUG] views - Processing hotel: Taj Campton Place San Francisco | Location: (37.78913, -122.40682)
2025-02-18 22:35:59,056 [DEBUG] views - Processing hotel: W San Francisco | Location: (37.7853, -122.40054)
2025-02-18 22:35:59,056 [DEBUG] views - Processing hotel: Hotel 32One | Location: (37.78991, -122.40557)
2025-02-18 22:35:59,056 [DEBUG] views - Processing hotel: The St Regis San Francisco | Location: (37.78622, -122.40138)
2025-02-18 22:35:59,056 [DEBUG] views - Processing hotel: Stanford Court Hotel | Location: (37.79188, -122.4095)
2025-02-18 22:35:59,056 [DEBUG] views - Processing hotel: Executive Hotel Vintage Court | Location: (37.79036, -122.40811)
2025-02-18 22:35:59,056 [DEBUG] views - Processing hotel: Cornell Hotel De France | Location: (37.79001, -122.40912)
2025-02-18 22:35:59,063 [DEBUG] views - Processing hotel: Palihotel San Francisco | Location: (37.78985, -122.40722)
2025-02-18 22:35:59,063 [DEBUG] views - Processing hotel: Orchard Garden Hotel | Location: (37.79075, -122.40521)
2025-02-18 22:35:59,063 [DEBUG] views - Processing hotel: Orchard Hotel | Location: (37.79013, -122.40849)
2025-02-18 22:35:59,203 [DEBUG] views - Processing hotel: Best Western Red Coach Inn | Location: (37.78343, -122.41951)
2025-02-18 22:35:59,203 [DEBUG] views - Processing hotel: Courtyard by Marriott San Francisco Downtown Van Ness Ave | Location: (37.78546, -122.42118)
2025-02-18 22:35:59,203 [DEBUG] views - Processing hotel: San Francisco Proper a Member of Design Hotels | Location: (37.78088, -122.41268)
2025-02-18 22:35:59,203 [DEBUG] views - Processing hotel: Hampton Inn San Francisco Downtown/Convention Center | Location: (37.78235, -122.40795)
2025-02-18 22:35:59,203 [DEBUG] views - Processing hotel: Motel 6 San Francisco CA Civic Center | Location: (37.78322, -122.41738)
2025-02-18 22:35:59,203 [DEBUG] views - Processing hotel: SF Central Hotel | Location: (37.77223, -122.42444)
2025-02-18 22:35:59,203 [DEBUG] views - Processing hotel: Timbri Hotel San Francisco  Curio Collection by Hilton | Location: (37.78306, -122.40996)
2025-02-18 22:35:59,203 [DEBUG] views - Processing hotel: Signature San Francisco | Location: (37.77735, -122.4082)
2025-02-18 22:35:59,203 [DEBUG] views - Processing hotel: Rodeway Inn Civic Center | Location: (37.78286, -122.42196)
2025-02-18 22:35:59,203 [DEBUG] views - Processing hotel: BEI San Francisco, Trademark Collection by Wyndham | Location: (37.77764, -122.41428)
2025-02-18 22:35:59,203 [DEBUG] views - Processing hotel: SoMa House Hotel | Location: (37.77879, -122.41007)
2025-02-18 22:35:59,203 [DEBUG] views - Processing hotel: Hotel Garrett | Location: (37.77886, -122.411)
2025-02-18 22:35:59,203 [DEBUG] views - Processing hotel: CIVIC CENTER MOTOR INN | Location: (37.77267, -122.41087)
2025-02-18 22:35:59,203 [DEBUG] views - Processing hotel: Hotel Fiona | Location: (37.77865, -122.41041)
2025-02-18 22:35:59,203 [DEBUG] views - Processing hotel: YOTEL San Francisco | Location: (37.78034, -122.41203)
2025-02-18 22:35:59,203 [DEBUG] views - Processing hotel: San Francisco Inn | Location: (37.77276, -122.41038)
2025-02-18 22:35:59,319 [DEBUG] views - Processing hotel: Hotel Adagio Autograph Collection | Location: (37.78692, -122.41207)
2025-02-18 22:35:59,323 [DEBUG] views - Processing hotel: Hotel Abri | Location: (37.78533, -122.40836)
2025-02-18 22:35:59,323 [DEBUG] views - Processing hotel: Staypineapple, An Elegant Hotel, Union Square San Francisco | Location: (37.78693, -122.41299)
2025-02-18 22:35:59,323 [DEBUG] views - Processing hotel: Axiom Hotel | Location: (37.78483, -122.4086)
2025-02-18 22:35:59,323 [DEBUG] views - Processing hotel: Hotel Zetta San Francisco | Location: (37.78341, -122.40706)
2025-02-18 22:35:59,323 [DEBUG] views - Processing hotel: Courtyard by Marriott San Francisco Union Square | Location: (37.78743, -122.41433)
2025-02-18 22:35:59,323 [DEBUG] views - Processing hotel: Calista Organic Hotel | Location: (37.78849, -122.42161)
2025-02-18 22:35:59,323 [DEBUG] views - Processing hotel: Parc 55 San Francisco - a Hilton Hotel | Location: (37.78488, -122.40884)
2025-02-18 22:35:59,326 [DEBUG] views - Processing hotel: Hilton San Francisco Union Square | Location: (37.78598, -122.41076)
2025-02-18 22:35:59,326 [DEBUG] views - Processing hotel: Hotel Kabuki, part of JdV by Hyatt | Location: (37.7857, -122.42891)
2025-02-18 22:35:59,326 [DEBUG] views - Processing hotel: Hotel Fusion | Location: (37.78549, -122.40851)
2025-02-18 22:35:59,326 [DEBUG] views - Processing hotel: Super 8 by Wyndham San Francisco/Union Square Area | Location: (37.78593, -122.4117)
2025-02-18 22:35:59,326 [DEBUG] views - Processing hotel: The Marker Union Square San Francisco | Location: (37.78656, -122.4119)
2025-02-18 22:35:59,327 [DEBUG] views - Processing hotel: Mithila San Francisco, SureStay Collection by Best Western | Location: (37.78834, -122.41633)
2025-02-18 22:35:59,327 [DEBUG] views - Processing hotel: Vignette Collection Hotel Spero | Location: (37.78615, -122.41165)
2025-02-18 22:35:59,327 [DEBUG] views - Processing hotel: Becks Motor Lodge | Location: (37.76556, -122.43178)
2025-02-18 22:35:59,327 [DEBUG] views - Processing hotel: Beresford Arms Hotel | Location: (37.78736, -122.4135)
2025-02-18 22:35:59,327 [DEBUG] views - Processing hotel: Queen Anne Hotel | Location: (37.78703, -122.42662)
2025-02-18 22:35:59,327 [DEBUG] views - Processing hotel: The Hotel Majestic | Location: (37.78725, -122.42543)
2025-02-18 22:35:59,463 [DEBUG] views - Processing hotel: Hotel Zeppelin San Francisco | Location: (37.78783, -122.41073)
2025-02-18 22:35:59,463 [DEBUG] views - Processing hotel: citizenM San Francisco Union Square | Location: (37.78578, -122.40753)
2025-02-18 22:35:59,463 [DEBUG] views - Processing hotel: The Metro Hotel | Location: (37.77279, -122.43697)
2025-02-18 22:35:59,463 [DEBUG] views - Processing hotel: Union Square Plaza Hotel | Location: (37.78718, -122.4104)
2025-02-18 22:35:59,466 [DEBUG] views - Processing hotel: Hotel G | Location: (37.7873, -122.40964)
2025-02-18 22:35:59,466 [DEBUG] views - Processing hotel: Holiday Inn Exp Union Square | Location: (37.78629, -122.40872)
2025-02-18 22:35:59,466 [DEBUG] views - Processing hotel: INTERCONTINENTAL SAN FRANCISCO | Location: (37.78208, -122.40449)
2025-02-18 22:35:59,466 [DEBUG] views - Processing hotel: Kimpton Buchanan Hotel | Location: (37.78658, -122.43019)
2025-02-18 22:35:59,466 [DEBUG] views - Processing hotel: Hotel Nikko San Francisco | Location: (37.78627, -122.40936)
2025-02-18 22:35:59,466 [DEBUG] views - Processing hotel: The Clift Royal Sonesta San Francisco | Location: (37.78699, -122.41108)
2025-02-18 22:35:59,466 [DEBUG] views - Processing hotel: The Barnes San Francisco  Tapestry Collection by Hilton | Location: (37.7868, -122.40836)
2025-02-18 22:35:59,466 [DEBUG] views - Processing hotel: Warwick San Francisco Hotel | Location: (37.78714, -122.41133)
2025-02-18 22:35:59,469 [DEBUG] views - Processing hotel: Handlery Union Square Hotel | Location: (37.78719, -122.40894)
2025-02-18 22:35:59,469 [DEBUG] views - Processing hotel: Hotel Julian | Location: (37.78843, -122.41597)
2025-02-18 22:35:59,469 [DEBUG] views - Processing hotel: King George Hotel in Union Square | Location: (37.78669, -122.40972)
2025-02-18 22:35:59,691 [DEBUG] views - Processing hotel: Hotel Zelos San Francisco | Location: (37.78532, -122.40551)
2025-02-18 22:35:59,691 [DEBUG] views - Processing hotel: The Cartwright Hotel - Union Square, BW Premier Collection | Location: (37.78929, -122.40918)
2025-02-18 22:35:59,692 [DEBUG] views - Processing hotel: Four Seasons Hotel San Francisco | Location: (37.78634, -122.40425)
2025-02-18 22:35:59,692 [DEBUG] views - Processing hotel: The Mosser | Location: (37.78501, -122.40516)
2025-02-18 22:35:59,692 [DEBUG] views - Processing hotel: HOLIDAY INN GOLDEN GATEWAY | Location: (37.78992, -122.42193)
2025-02-18 22:35:59,693 [DEBUG] views - Processing hotel: Grand Hyatt San Francisco | Location: (37.78905, -122.40727)
2025-02-18 22:35:59,693 [DEBUG] views - Processing hotel: San Francisco Marriott Marquis | Location: (37.78497, -122.40396)
2025-02-18 22:35:59,693 [DEBUG] views - Processing hotel: JW Marriott San Francisco Union Square | Location: (37.78819, -122.41043)
2025-02-18 22:35:59,693 [DEBUG] views - Processing hotel: San Francisco Marriott Union Square | Location: (37.78937, -122.40826)
2025-02-18 22:35:59,693 [DEBUG] views - Processing hotel: Petite Auberge | Location: (37.78973, -122.41147)
2025-02-18 22:35:59,693 [DEBUG] views - Processing hotel: White Swan Inn | Location: (37.7897, -122.4112)
2025-02-18 22:35:59,693 [DEBUG] views - Processing hotel: Canopy by Hilton San Francisco SoMa | Location: (37.78243, -122.40214)
2025-02-18 22:35:59,693 [DEBUG] views - Processing hotel: Hotel Stratford San Francisco - Handwritten Collection | Location: (37.78703, -122.40803)
2025-02-18 22:35:59,693 [DEBUG] views - Processing hotel: The Westin St Francis San Francisco on Union Square | Location: (37.7877, -122.4085)
2025-02-18 22:35:59,697 [DEBUG] views - Processing hotel: Chancellor Hotel on Union Square | Location: (37.78869, -122.40859)
2025-02-18 22:35:59,697 [DEBUG] views - Processing hotel: Hotel Emblem San Francisco | Location: (37.7892, -122.4098)
2025-02-18 22:35:59,697 [DEBUG] views - Processing hotel: Beacon Grand | Location: (37.7888, -122.40836)
2025-02-18 22:35:59,697 [DEBUG] views - Processing hotel: Inn at Union Square | Location: (37.78821, -122.40904)
2025-02-18 22:35:59,723 [INFO] views - Hotels found: 33 Search ID={'id': 5286, 'time': '2025-02-18 22:35:55'}
2025-02-18 22:35:59,723 [DEBUG] views - Hotel: Executive Hotel Vintage Court | Price: 142 
2025-02-18 22:35:59,725 [DEBUG] views - Hotel: Cornell Hotel De France | Price: 160 
2025-02-18 22:35:59,725 [DEBUG] views - Hotel: Palihotel San Francisco | Price: 141 
2025-02-18 22:35:59,725 [DEBUG] views - Hotel: Best Western Red Coach Inn | Price: 121 
2025-02-18 22:35:59,725 [DEBUG] views - Hotel: Motel 6 San Francisco CA Civic Center | Price: 129 
2025-02-18 22:39:12,560 [INFO] views - User searching hotels: Location=(37.7749, -122.4194), Adults=1, Radius=2km, Search ID=9819, Create Time=2025-02-18 22:39:12
2025-02-18 22:39:28,965 [INFO] views - User searching hotels: Location=(37.7749, -122.4194), Adults=1, Radius=2km, Search ID=2186, Create Time=2025-02-18 22:39:28
2025-02-18 22:39:53,480 [INFO] views - User searching hotels: Location=(37.7749, -122.4194), Adults=1, Radius=2km, Search ID=3477, Create Time=2025-02-18 22:39:53
2025-02-18 22:40:55,599 [INFO] views - User searching hotels: Location=(37.7749, -122.4194), Adults=1, Radius=2km, Search ID=3769, Create Time=2025-02-18 22:40:55
2025-02-18 22:44:01,562 [INFO] views - User searching hotels: Location=(37.7749, -122.4194), Adults=1, Radius=2km, Search ID=6297, Create Time=2025-02-18 22:44:01
2025-02-18 22:44:30,723 [INFO] views - User searching hotels: Location=(37.7749, -122.4194), Adults=1, Radius=2km, Search ID=6615, Create Time=2025-02-18 22:44:30
2025-02-18 22:44:56,826 [INFO] views - User searching hotels: Location=(37.7749, -122.4194), Adults=1, Radius=2km, Search ID=7396, Create Time=2025-02-18 22:44:56
2025-02-18 22:47:08,780 [INFO] views - User searching hotels: Location=(37.7749, -122.4194), Adults=1, Radius=2km, Search ID=2841, Create Time=2025-02-18 22:47:08
2025-02-18 22:47:46,161 [INFO] views - User searching hotels: Location=(37.7749, -122.4194), Adults=1, Radius=2km, Search ID=4937, Create Time=2025-02-18 22:47:46
2025-02-18 22:50:53,467 [INFO] views - User searching hotels: Location=(37.7749, -122.4194), Adults=1, Radius=2km, Search ID=9210, Create Time=2025-02-18 22:50:53
2025-02-18 22:51:46,005 [INFO] views - User searching hotels: Location=(37.7749, -122.4194), Adults=1, Radius=2km, Search ID=2769, Create Time=2025-02-18 22:51:46
2025-02-18 22:52:45,537 [INFO] views - User searching hotels: Location=(37.7749, -122.4194), Adults=1, Radius=2km, Search ID=5695, Create Time=2025-02-18 22:52:45
2025-02-18 22:53:47,549 [INFO] views - User searching hotels: Location=(37.7749, -122.4194), Adults=1, Radius=2km, Search ID=1711, Create Time=2025-02-18 22:53:47
2025-02-18 22:59:25,685 [INFO] views - User searching hotels: Location=(37.7749, -122.4194), Adults=1, Radius=2km, Search ID=8387, Create Time=2025-02-18 22:59:25
2025-02-18 23:00:24,207 [INFO] views - User searching hotels: Location=(37.7749, -122.4194), Adults=1, Radius=2km, Search ID=8427, Create Time=2025-02-18 23:00:24
2025-02-18 23:01:59,180 [INFO] views - User searching hotels: Location=(37.7749, -122.4194), Adults=1, Radius=2km, Search ID=8059, Create Time=2025-02-18 23:01:59
2025-02-18 23:02:57,691 [INFO] views - User searching hotels: Location=(37.7749, -122.4194), Adults=1, Radius=2km, Search ID=3907, Create Time=2025-02-18 23:02:57
2025-02-18 23:03:21,872 [INFO] views - User searching hotels: Location=(37.7749, -122.4194), Adults=1, Radius=2km, Search ID=3977, Create Time=2025-02-18 23:03:21
2025-02-18 23:03:31,865 [INFO] views - User searching hotels: Location=(37.7749, -122.4194), Adults=1, Radius=2km, Search ID=5544, Create Time=2025-02-18 23:03:31
2025-02-18 23:05:14,061 [INFO] views - User searching hotels: Location=(37.7749, -122.4194), Adults=1, Radius=2km, Search ID=1339, Create Time=2025-02-18 23:05:14
2025-02-18 23:05:24,014 [INFO] views - User searching hotels: Location=(37.7749, -122.4194), Adults=1, Radius=2km, Search ID=6777, Create Time=2025-02-18 23:05:24
2025-02-18 23:05:55,341 [INFO] views - User searching hotels: Location=(37.7749, -122.4194), Adults=1, Radius=2km, Search ID=2754, Create Time=2025-02-18 23:05:55
2025-02-19 22:56:13,600 [INFO] views - User searching hotels: Location=(37.7749, -122.4194), Adults=1, Radius=2km, Search ID=2157, Create Time=2025-02-19 22:56:13
2025-02-19 22:56:30,304 [INFO] views - User searching hotels: Location=(37.7749, -122.4194), Adults=1, Radius=2km, Search ID=3244, Create Time=2025-02-19 22:56:30
2025-02-19 22:56:33,792 [INFO] views - User searching hotels: Location=(37.7749, -122.4194), Adults=1, Radius=2km, Search ID=2174, Create Time=2025-02-19 22:56:33
2025-02-19 22:59:02,182 [INFO] views - User searching hotels: Location=(37.7749, -122.4194), Adults=1, Radius=2km, Search ID=6466, Create Time=2025-02-19 22:59:02
2025-02-19 23:00:14,146 [INFO] views - User searching hotels: Location=(37.7749, -122.4194), Adults=1, Radius=2km, Search ID=6592, Create Time=2025-02-19 23:00:14
2025-02-19 23:02:33,938 [INFO] views - User searching hotels: Location=(37.7749, -122.4194), Adults=1, Radius=2km, Search ID=9492, Create Time=2025-02-19 23:02:33
2025-02-19 23:08:01,808 [INFO] views - User searching hotels: Location=(37.7749, -122.4194), Adults=1, Radius=2km, Search ID=8696, Create Time=2025-02-19 23:08:01
2025-02-19 23:09:31,300 [INFO] views - User searching hotels: Location=(37.7749, -122.4194), Adults=1, Radius=2km, Search ID=7990, Create Time=2025-02-19 23:09:31
2025-02-19 23:10:10,709 [INFO] views - User searching hotels: Location=(37.7749, -122.4194), Adults=1, Radius=2km, Search ID=1512, Create Time=2025-02-19 23:10:10
2025-02-19 23:10:45,927 [INFO] views - User searching hotels: Location=(37.7749, -122.4194), Adults=1, Radius=2km, Search ID=9473, Create Time=2025-02-19 23:10:45
2025-02-19 23:14:45,607 [INFO] views - User searching hotels: Location=(37.7749, -122.4194), Adults=1, Radius=2km, Search ID=1287, Create Time=2025-02-19 23:14:45
2025-02-19 23:16:20,354 [INFO] views - User searching hotels: Location=(37.7749, -122.4194), Adults=1, Radius=2km, Search ID=9600, Create Time=2025-02-19 23:16:20
2025-02-19 23:17:11,327 [INFO] views - User searching hotels: Location=(37.7749, -122.4194), Adults=1, Radius=2km, Search ID=5859, Create Time=2025-02-19 23:17:11
2025-02-19 23:17:36,032 [INFO] views - User searching hotels: Location=(37.7749, -122.4194), Adults=1, Radius=2km, Search ID=7497, Create Time=2025-02-19 23:17:36
2025-02-19 23:19:34,923 [INFO] views - User searching hotels: Location=(37.7749, -122.4194), Adults=1, Radius=2km, Search ID=4852, Create Time=2025-02-19 23:19:34
2025-02-19 23:20:08,718 [INFO] views - User searching hotels: Location=(37.7749, -122.4194), Adults=1, Radius=2km, Search ID=2421, Create Time=2025-02-19 23:20:08
2025-02-20 12:47:36,953 [INFO] views - User searching hotels: Location=(37.7749, -122.4194), Adults=1, Radius=2km, Search ID=5666, Create Time=2025-02-20 12:47:36
2025-02-21 01:08:41,955 [INFO] views - User searching hotels: Location=(37.7749, -122.4194), Adults=1, Radius=2km, Search ID=8502, Create Time=2025-02-21 01:08:41
2025-02-21 01:09:03,756 [INFO] views - User searching hotels: Location=(37.7749, -122.4194), Adults=1, Radius=2km, Search ID=5643, Create Time=2025-02-21 01:09:03
2025-02-21 01:10:25,358 [INFO] views - User searching hotels: Location=(37.7749, -122.4194), Adults=1, Radius=2km, Search ID=2996, Create Time=2025-02-21 01:10:25
2025-02-21 01:10:39,127 [INFO] views - User searching hotels: Location=(37.7749, -122.4194), Adults=1, Radius=2km, Search ID=4232, Create Time=2025-02-21 01:10:39
2025-02-21 01:12:10,131 [INFO] views - User searching hotels: Location=(37.7749, -122.4194), Adults=1, Radius=2km, Search ID=5141, Create Time=2025-02-21 01:12:10
2025-02-21 01:14:33,110 [INFO] views - User searching hotels: Location=(37.7749, -122.4194), Adults=1, Radius=2km, Search ID=5531, Create Time=2025-02-21 01:14:33
2025-02-21 01:14:43,348 [INFO] views - User searching hotels: Location=(37.7749, -122.4194), Adults=1, Radius=2km, Search ID=9074, Create Time=2025-02-21 01:14:43
2025-02-21 01:15:38,439 [INFO] views - User searching hotels: Location=(37.7749, -122.4194), Adults=1, Radius=2km, Search ID=9746, Create Time=2025-02-21 01:15:38
2025-02-21 01:20:41,368 [INFO] views - User searching hotels: Location=(37.7749, -122.4194), Adults=1, Radius=2km, Search ID=4102, Create Time=2025-02-21 01:20:41
2025-02-21 01:23:35,047 [INFO] views - User searching hotels: Location=(37.7749, -122.4194), Adults=1, Radius=2km, Search ID=9672, Create Time=2025-02-21 01:23:35
2025-02-21 01:23:54,370 [INFO] views - User searching hotels: Location=(37.7749, -122.4194), Adults=1, Radius=2km, Search ID=2122, Create Time=2025-02-21 01:23:54
2025-02-21 01:24:48,580 [INFO] views - User searching hotels: Location=(37.7749, -122.4194), Adults=1, Radius=2km, Search ID=1482, Create Time=2025-02-21 01:24:48
2025-02-21 01:35:18,511 [INFO] views - User searching hotels: Location=(37.7749, -122.4194), Adults=1, Radius=2km, Search ID=6462, Create Time=2025-02-21 01:35:18
2025-02-21 01:38:03,848 [INFO] views - User searching hotels: Location=(37.7749, -122.4194), Adults=1, Radius=2km, Search ID=9069, Create Time=2025-02-21 01:38:03
2025-02-21 01:43:25,609 [INFO] views - User searching hotels: Location=(37.7749, -122.4194), Adults=1, Radius=3.8km, Search ID=6695, Create Time=2025-02-21 01:43:25
2025-02-21 01:43:46,902 [INFO] views - User searching hotels: Location=(37.7749, -122.4194), Adults=1, Radius=2km, Search ID=4893, Create Time=2025-02-21 01:43:46
2025-02-21 01:44:22,960 [INFO] views - User searching hotels: Location=(37.7749, -122.4194), Adults=1, Radius=2km, Search ID=2535, Create Time=2025-02-21 01:44:22
2025-02-22 01:46:24,002 [INFO] views - User searching hotels: Location=(37.7749, -122.4194), Adults=1, Radius=2km, Search ID=7842, Create Time=2025-02-22 01:46:24
2025-02-22 01:53:04,053 [INFO] views - User searching hotels: Location=(37.7749, -122.4194), Adults=1, Radius=2km, Search ID=5544, Create Time=2025-02-22 01:53:04
2025-02-22 02:28:13,341 [INFO] views - User searching hotels: Location=(37.7749, -122.4194), Adults=1, Radius=2km, Search ID=7773, Create Time=2025-02-22 02:28:13
2025-02-22 02:58:30,645 [INFO] views - User searching hotels: Location=(37.7749, -122.4194), Adults=1, Radius=2km, Search ID=3619, Create Time=2025-02-22 02:58:30
